<?xml version="1.0" encoding="UTF-8"?>
<!-- Generated by org.testng.reporters.JUnitReportReporter -->
<testsuite skipped="0" hostname="DESKTOP-5TGLKVE" name="Customer.CustomerDashTest" tests="11" failures="0" timestamp="30 Apr 2019 16:13:04 GMT" time="0.008" errors="0">
  <testcase name="CompleteTripCyclye_For9Trips_and_start1Trip" time="0.001" classname="Customer.CustomerDashTest"/>
  <testcase name="VerifyTotalTripsCount_And_TotalAmount_WhenUser_Landsonto_DashboardScreen" time="0.001" classname="Customer.CustomerDashTest"/>
  <testcase name="TaponFilterButton_WithoutSettingFromToDatesGoodsTypeValues_ValidateTripCount_TripAmount" time="0.001" classname="Customer.CustomerDashTest"/>
  <testcase name="TapOnClearFilterAndFilterButtons_WithoutSettingFromToDatesGoodsTypevalues_ValidateTripCount_TripAmount" time="0.001" classname="Customer.CustomerDashTest"/>
  <testcase name="SetFromDateToCurrentDate_ValidateTripCount_TripAmount" time="0.001" classname="Customer.CustomerDashTest"/>
  <testcase name="SetToDateToCurrentDate_ValidateTripCount_TripAmount" time="0.000" classname="Customer.CustomerDashTest"/>
  <testcase name="SetFromDateToPastDate_ValidateTripCount_TripAmount" time="0.001" classname="Customer.CustomerDashTest"/>
  <testcase name="SetToDateToPastDate_ValidateTripCount_TripAmount" time="0.000" classname="Customer.CustomerDashTest"/>
  <testcase name="IrrelvantGoodsTypeSearch_ByFilter" time="0.002" classname="Customer.CustomerDashTest"/>
  <testcase name="ValidateIfNoTripsAreDisplayed_WhenRelevant_DateRangeis_selected" time="0.000" classname="Customer.CustomerDashTest"/>
  <testcase name="Verify_IncreaseinTotalTripCount_TotalAmount_AfterTrip_EndedByPartner" time="0.000" classname="Customer.CustomerDashTest"/>
</testsuite> <!-- Customer.CustomerDashTest -->
