<?xml version="1.0" encoding="UTF-8"?>
<!-- Generated by org.testng.reporters.JUnitReportReporter -->
<testsuite skipped="0" hostname="DESKTOP-5TGLKVE" name="Partner.PartnerDashTest" tests="10" failures="0" timestamp="30 Apr 2019 16:13:04 GMT" time="0.010" errors="0">
  <testcase name="Verify_Total_Live_AvailableTruckCount" time="0.000" classname="Partner.PartnerDashTest"/>
  <testcase name="Verify_TotalTripsCount_And_Amount" time="0.001" classname="Partner.PartnerDashTest"/>
  <testcase name="Verify_DashboardFilter_ByInvalidRegistrationnumber" time="0.003" classname="Partner.PartnerDashTest"/>
  <testcase name="Verify_DashboardFilter_BySetting_FromDate_to_CurrentDate" time="0.000" classname="Partner.PartnerDashTest"/>
  <testcase name="EndLiveTrip_AsPartner_And_ValidateTotalTripCount_TotalTripAmount" time="0.000" classname="Partner.PartnerDashTest"/>
  <testcase name="AfterTripCompletion_FilterBy_FromPickUpDateSettoCurrentDate_ValidateTotalTripCount_TotalTripAmount" time="0.000" classname="Partner.PartnerDashTest"/>
  <testcase name="AfterTripCompletion_FilterBy_ToPickDateSettoCurrentDate_ValidateTotalTripCount_TotalTripAmount" time="0.000" classname="Partner.PartnerDashTest"/>
  <testcase name="FilterSearch_Without_Selecting_AnyFilterAttributes_And_ValidateTotalTripCount_TotalAmount" time="0.000" classname="Partner.PartnerDashTest"/>
  <testcase name="ClearFilter_WithoutSelectin_AnyFilterAttributes_Search_And_ValidateTotalTripCount_And_TotalAmount" time="0.005" classname="Partner.PartnerDashTest"/>
  <testcase name="VerifyTruckStatus_AfterTripCompletionSuccessfully" time="0.001" classname="Partner.PartnerDashTest"/>
</testsuite> <!-- Partner.PartnerDashTest -->
